2025-12-26 20:58:34,143 - INFO - 日志系统初始化完成
2025-12-26 20:58:34,146 - INFO - ✅ 可视化主题初始化完成
2025-12-26 20:58:34,149 - INFO - 正在读取数据: c:\Users\jimmy\Desktop\python程序设计\作业4\ml_hardware.csv
2025-12-26 20:58:34,161 - INFO - ✅ 数据读取成功（C engine）: 170 行 × 39 列
2025-12-26 20:58:34,175 - INFO - ✅ 表格已保存: c:\Users\jimmy\Desktop\python程序设计\作业4\output\tables\missing_value_summary.csv
2025-12-26 20:58:34,176 - INFO - 解析日期字段: Release date
2025-12-26 20:58:34,181 - WARNING - ⚠️ Release date 缺失 11 条记录
2025-12-26 20:58:34,182 - INFO - 转换数值列: 21 个字段
2025-12-26 20:58:34,184 - INFO - 计算派生指标...
2025-12-26 20:58:34,187 - INFO - ✅ 派生指标计算完成
2025-12-26 20:58:34,188 - INFO - 按年份筛选 (2012-2025): 170 → 156 条记录
2025-12-26 20:58:34,192 - INFO - ✅ 无重复记录
2025-12-26 20:58:34,201 - INFO - ✅ 表格已保存: c:\Users\jimmy\Desktop\python程序设计\作业4\output\derived\cleaned_data_with_derived.csv
2025-12-26 20:58:36,020 - INFO - ✅ 图表已保存: c:\Users\jimmy\Desktop\python程序设计\作业4\visualization\00_dataset_overview\missing_rate_heatmap.png
2025-12-26 20:58:36,569 - INFO - ✅ 图表已保存: c:\Users\jimmy\Desktop\python程序设计\作业4\visualization\00_dataset_overview\manufacturer_distribution.png
2025-12-26 20:58:36,829 - INFO - ✅ 图表已保存: c:\Users\jimmy\Desktop\python程序设计\作业4\visualization\00_dataset_overview\type_distribution.png
2025-12-26 20:58:37,571 - INFO - ✅ 图表已保存: c:\Users\jimmy\Desktop\python程序设计\作业4\visualization\01_perf_trends\int8_performance_over_time.png
2025-12-26 20:58:38,001 - INFO - ✅ 图表已保存: c:\Users\jimmy\Desktop\python程序设计\作业4\visualization\01_perf_trends\int8_top20_ranking.png
2025-12-26 20:58:38,016 - INFO - ✅ 表格已保存: c:\Users\jimmy\Desktop\python程序设计\作业4\output\tables\top20_int8_performance.csv
2025-12-26 20:58:38,441 - INFO - ✅ 图表已保存: c:\Users\jimmy\Desktop\python程序设计\作业4\visualization\02_efficiency\energy_efficiency_top20.png
2025-12-26 20:58:38,458 - INFO - ✅ 表格已保存: c:\Users\jimmy\Desktop\python程序设计\作业4\output\tables\top20_energy_efficiency.csv
2025-12-26 20:58:39,151 - INFO - ✅ 图表已保存: c:\Users\jimmy\Desktop\python程序设计\作业4\visualization\02_efficiency\efficiency_vs_performance.png
2025-12-26 20:58:39,949 - INFO - ✅ 图表已保存: c:\Users\jimmy\Desktop\python程序设计\作业4\visualization\03_memory_bandwidth\compute_memory_bandwidth_bubble.png
2025-12-26 20:58:40,548 - INFO - ✅ 图表已保存: c:\Users\jimmy\Desktop\python程序设计\作业4\visualization\03_memory_bandwidth\compute_to_bandwidth_ratio_dist.png
2025-12-26 20:58:41,010 - INFO - ✅ 图表已保存: c:\Users\jimmy\Desktop\python程序设计\作业4\visualization\04_price_value\price_vs_performance.png
2025-12-26 20:58:41,357 - INFO - ✅ 图表已保存: c:\Users\jimmy\Desktop\python程序设计\作业4\visualization\04_price_value\price_performance_top10.png
2025-12-26 20:58:41,372 - INFO - ✅ 表格已保存: c:\Users\jimmy\Desktop\python程序设计\作业4\output\tables\top10_price_performance.csv
2025-12-26 21:02:33,239 - INFO - 日志系统初始化完成
2025-12-26 21:02:33,240 - INFO - ✅ 可视化主题初始化完成（已配置中文字体）
2025-12-26 21:02:40,157 - INFO - 日志系统初始化完成
2025-12-26 21:02:40,159 - INFO - ✅ 可视化主题初始化完成（已配置中文字体）
2025-12-26 22:03:50,957 - INFO - 日志系统初始化完成
2025-12-26 22:03:50,958 - INFO - ✅ 可视化主题初始化完成（已配置中文字体）
2025-12-26 22:03:50,958 - INFO - 正在读取数据: c:\Users\jimmy\Desktop\python程序设计\作业4\ml_hardware.csv
2025-12-26 22:03:50,962 - INFO - ✅ 数据读取成功（C engine）: 170 行 × 39 列
2025-12-26 22:03:50,970 - INFO - ✅ 表格已保存: c:\Users\jimmy\Desktop\python程序设计\作业4\output\tables\missing_value_summary.csv
2025-12-26 22:03:50,970 - INFO - 解析日期字段: Release date
2025-12-26 22:03:50,973 - WARNING - ⚠️ Release date 缺失 11 条记录
2025-12-26 22:03:50,973 - INFO - 转换数值列: 21 个字段
2025-12-26 22:03:50,975 - INFO - 计算派生指标...
2025-12-26 22:03:50,978 - INFO - ✅ 派生指标计算完成
2025-12-26 22:03:50,979 - INFO - 按年份筛选 (2012-2025): 170 → 156 条记录
2025-12-26 22:03:50,981 - INFO - ✅ 无重复记录
2025-12-26 22:03:50,989 - INFO - ✅ 表格已保存: c:\Users\jimmy\Desktop\python程序设计\作业4\output\derived\cleaned_data_with_derived.csv
2025-12-26 22:03:51,990 - INFO - ✅ 图表已保存: c:\Users\jimmy\Desktop\python程序设计\作业4\visualization\00_dataset_overview\missing_rate_heatmap.png
2025-12-26 22:03:52,519 - INFO - ✅ 图表已保存: c:\Users\jimmy\Desktop\python程序设计\作业4\visualization\00_dataset_overview\manufacturer_distribution.png
2025-12-26 22:03:52,761 - INFO - ✅ 图表已保存: c:\Users\jimmy\Desktop\python程序设计\作业4\visualization\00_dataset_overview\type_distribution.png
2025-12-26 22:03:53,466 - INFO - ✅ 图表已保存: c:\Users\jimmy\Desktop\python程序设计\作业4\visualization\01_perf_trends\int8_performance_over_time.png
2025-12-26 22:03:53,909 - INFO - ✅ 图表已保存: c:\Users\jimmy\Desktop\python程序设计\作业4\visualization\01_perf_trends\int8_top20_ranking.png
2025-12-26 22:03:53,924 - INFO - ✅ 表格已保存: c:\Users\jimmy\Desktop\python程序设计\作业4\output\tables\top20_int8_performance.csv
2025-12-26 22:03:54,340 - INFO - ✅ 图表已保存: c:\Users\jimmy\Desktop\python程序设计\作业4\visualization\02_efficiency\energy_efficiency_top20.png
2025-12-26 22:03:54,361 - INFO - ✅ 表格已保存: c:\Users\jimmy\Desktop\python程序设计\作业4\output\tables\top20_energy_efficiency.csv
2025-12-26 22:03:55,012 - INFO - ✅ 图表已保存: c:\Users\jimmy\Desktop\python程序设计\作业4\visualization\02_efficiency\efficiency_vs_performance.png
2025-12-26 22:03:55,798 - INFO - ✅ 图表已保存: c:\Users\jimmy\Desktop\python程序设计\作业4\visualization\03_memory_bandwidth\compute_memory_bandwidth_bubble.png
2025-12-26 22:03:56,367 - INFO - ✅ 图表已保存: c:\Users\jimmy\Desktop\python程序设计\作业4\visualization\03_memory_bandwidth\compute_to_bandwidth_ratio_dist.png
2025-12-26 22:03:56,828 - INFO - ✅ 图表已保存: c:\Users\jimmy\Desktop\python程序设计\作业4\visualization\04_price_value\price_vs_performance.png
2025-12-26 22:03:57,177 - INFO - ✅ 图表已保存: c:\Users\jimmy\Desktop\python程序设计\作业4\visualization\04_price_value\price_performance_top10.png
2025-12-26 22:03:57,204 - INFO - ✅ 表格已保存: c:\Users\jimmy\Desktop\python程序设计\作业4\output\tables\top10_price_performance.csv
2025-12-26 22:16:54,317 - INFO - 日志系统初始化完成
2025-12-26 22:16:54,318 - INFO - ✅ 找到中文字体: SimHei
2025-12-26 22:16:54,318 - INFO - ✅ 可视化主题初始化完成（当前字体: SimHei）
2025-12-26 22:16:54,318 - INFO - 正在读取数据: c:\Users\jimmy\Desktop\python程序设计\作业4\ml_hardware.csv
2025-12-26 22:16:54,322 - INFO - ✅ 数据读取成功（C engine）: 170 行 × 39 列
2025-12-26 22:16:54,329 - INFO - ✅ 表格已保存: c:\Users\jimmy\Desktop\python程序设计\作业4\output\tables\missing_value_summary.csv
2025-12-26 22:16:54,330 - INFO - 解析日期字段: Release date
2025-12-26 22:16:54,332 - WARNING - ⚠️ Release date 缺失 11 条记录
2025-12-26 22:16:54,333 - INFO - 转换数值列: 21 个字段
2025-12-26 22:16:54,335 - INFO - 计算派生指标...
2025-12-26 22:16:54,337 - INFO - ✅ 派生指标计算完成
2025-12-26 22:16:54,339 - INFO - 按年份筛选 (2012-2025): 170 → 156 条记录
2025-12-26 22:16:54,340 - INFO - ✅ 无重复记录
2025-12-26 22:16:54,346 - INFO - ✅ 表格已保存: c:\Users\jimmy\Desktop\python程序设计\作业4\output\derived\cleaned_data_with_derived.csv
2025-12-26 22:16:55,334 - INFO - ✅ 图表已保存: c:\Users\jimmy\Desktop\python程序设计\作业4\visualization\00_dataset_overview\missing_rate_heatmap.png
2025-12-26 22:16:56,783 - INFO - ✅ 图表已保存: c:\Users\jimmy\Desktop\python程序设计\作业4\visualization\00_dataset_overview\manufacturer_distribution.png
2025-12-26 22:16:57,019 - INFO - ✅ 图表已保存: c:\Users\jimmy\Desktop\python程序设计\作业4\visualization\00_dataset_overview\type_distribution.png
2025-12-26 22:16:57,718 - INFO - ✅ 图表已保存: c:\Users\jimmy\Desktop\python程序设计\作业4\visualization\01_perf_trends\int8_performance_over_time.png
2025-12-26 22:16:58,166 - INFO - ✅ 图表已保存: c:\Users\jimmy\Desktop\python程序设计\作业4\visualization\01_perf_trends\int8_top20_ranking.png
2025-12-26 22:16:58,188 - INFO - ✅ 表格已保存: c:\Users\jimmy\Desktop\python程序设计\作业4\output\tables\top20_int8_performance.csv
2025-12-26 22:16:58,616 - INFO - ✅ 图表已保存: c:\Users\jimmy\Desktop\python程序设计\作业4\visualization\02_efficiency\energy_efficiency_top20.png
2025-12-26 22:16:58,631 - INFO - ✅ 表格已保存: c:\Users\jimmy\Desktop\python程序设计\作业4\output\tables\top20_energy_efficiency.csv
2025-12-26 22:16:59,295 - INFO - ✅ 图表已保存: c:\Users\jimmy\Desktop\python程序设计\作业4\visualization\02_efficiency\efficiency_vs_performance.png
2025-12-26 22:16:59,435 - WARNING - Font 'default' does not have a glyph for '\u2212' [U+2212], substituting with a dummy symbol.
2025-12-26 22:16:59,483 - INFO - Substituting symbol − from STIXGeneral
2025-12-26 22:16:59,486 - WARNING - Font 'default' does not have a glyph for '\u2212' [U+2212], substituting with a dummy symbol.
2025-12-26 22:16:59,487 - INFO - Substituting symbol − from STIXGeneral
2025-12-26 22:16:59,807 - WARNING - Font 'default' does not have a glyph for '\u2212' [U+2212], substituting with a dummy symbol.
2025-12-26 22:16:59,808 - INFO - Substituting symbol − from STIXGeneral
2025-12-26 22:16:59,809 - WARNING - Font 'default' does not have a glyph for '\u2212' [U+2212], substituting with a dummy symbol.
2025-12-26 22:16:59,809 - INFO - Substituting symbol − from STIXGeneral
2025-12-26 22:17:00,154 - INFO - ✅ 图表已保存: c:\Users\jimmy\Desktop\python程序设计\作业4\visualization\03_memory_bandwidth\compute_memory_bandwidth_bubble.png
2025-12-26 22:17:00,747 - INFO - ✅ 图表已保存: c:\Users\jimmy\Desktop\python程序设计\作业4\visualization\03_memory_bandwidth\compute_to_bandwidth_ratio_dist.png
2025-12-26 22:17:01,213 - INFO - ✅ 图表已保存: c:\Users\jimmy\Desktop\python程序设计\作业4\visualization\04_price_value\price_vs_performance.png
2025-12-26 22:17:01,575 - INFO - ✅ 图表已保存: c:\Users\jimmy\Desktop\python程序设计\作业4\visualization\04_price_value\price_performance_top10.png
2025-12-26 22:17:01,592 - INFO - ✅ 表格已保存: c:\Users\jimmy\Desktop\python程序设计\作业4\output\tables\top10_price_performance.csv
2025-12-26 22:25:42,262 - INFO - 日志系统初始化完成
2025-12-26 22:25:42,263 - INFO - ✅ 找到中文字体: SimHei
2025-12-26 22:25:42,264 - INFO - ✅ 可视化主题初始化完成（当前字体: SimHei）
2025-12-26 22:25:42,265 - INFO - 正在读取数据: c:\Users\jimmy\Desktop\python程序设计\作业4\ml_hardware.csv
2025-12-26 22:25:42,268 - INFO - ✅ 数据读取成功（C engine）: 170 行 × 39 列
2025-12-26 22:25:42,276 - INFO - ✅ 表格已保存: c:\Users\jimmy\Desktop\python程序设计\作业4\output\tables\missing_value_summary.csv
2025-12-26 22:25:42,276 - INFO - 解析日期字段: Release date
2025-12-26 22:25:42,280 - WARNING - ⚠️ Release date 缺失 11 条记录
2025-12-26 22:25:42,281 - INFO - 转换数值列: 21 个字段
2025-12-26 22:25:42,285 - INFO - 计算派生指标...
2025-12-26 22:25:42,288 - INFO - ✅ 派生指标计算完成
2025-12-26 22:25:42,290 - INFO - 按年份筛选 (2012-2025): 170 → 156 条记录
2025-12-26 22:25:42,292 - INFO - ✅ 无重复记录
2025-12-26 22:25:42,299 - INFO - ✅ 表格已保存: c:\Users\jimmy\Desktop\python程序设计\作业4\output\derived\cleaned_data_with_derived.csv
2025-12-26 22:25:42,959 - INFO - ✅ 图表已保存: c:\Users\jimmy\Desktop\python程序设计\作业4\visualization\00_dataset_overview\missing_rate_heatmap.png
2025-12-26 22:25:43,491 - INFO - ✅ 图表已保存: c:\Users\jimmy\Desktop\python程序设计\作业4\visualization\00_dataset_overview\manufacturer_distribution.png
2025-12-26 22:25:44,882 - INFO - ✅ 图表已保存: c:\Users\jimmy\Desktop\python程序设计\作业4\visualization\00_dataset_overview\type_distribution.png
2025-12-26 22:25:45,431 - WARNING - ⚠️ adjustText 未安装，使用基础标注（可能重叠）
2025-12-26 22:25:51,561 - INFO - ✅ 图表已保存: c:\Users\jimmy\Desktop\python程序设计\作业4\visualization\01_perf_trends\int8_performance_over_time.png
2025-12-26 22:25:54,791 - INFO - ✅ 图表已保存: c:\Users\jimmy\Desktop\python程序设计\作业4\visualization\01_perf_trends\int8_top20_ranking.png
2025-12-26 22:25:54,899 - INFO - ✅ 表格已保存: c:\Users\jimmy\Desktop\python程序设计\作业4\output\tables\top20_int8_performance.csv
2025-12-26 22:25:58,069 - INFO - ✅ 图表已保存: c:\Users\jimmy\Desktop\python程序设计\作业4\visualization\02_efficiency\energy_efficiency_top20.png
2025-12-26 22:25:58,156 - INFO - ✅ 表格已保存: c:\Users\jimmy\Desktop\python程序设计\作业4\output\tables\top20_energy_efficiency.csv
2025-12-26 22:25:58,617 - WARNING - ⚠️ adjustText 未安装，使用基础标注（可能重叠）
2025-12-26 22:26:04,802 - INFO - ✅ 图表已保存: c:\Users\jimmy\Desktop\python程序设计\作业4\visualization\02_efficiency\efficiency_vs_performance.png
2025-12-26 22:26:05,775 - WARNING - Font 'default' does not have a glyph for '\u2212' [U+2212], substituting with a dummy symbol.
2025-12-26 22:26:05,779 - INFO - Substituting symbol − from STIXGeneral
2025-12-26 22:26:05,792 - WARNING - Font 'default' does not have a glyph for '\u2212' [U+2212], substituting with a dummy symbol.
2025-12-26 22:26:05,793 - INFO - Substituting symbol − from STIXGeneral
2025-12-26 22:26:08,549 - WARNING - Font 'default' does not have a glyph for '\u2212' [U+2212], substituting with a dummy symbol.
2025-12-26 22:26:08,552 - INFO - Substituting symbol − from STIXGeneral
2025-12-26 22:26:08,563 - WARNING - Font 'default' does not have a glyph for '\u2212' [U+2212], substituting with a dummy symbol.
2025-12-26 22:26:08,564 - INFO - Substituting symbol − from STIXGeneral
2025-12-26 22:26:11,165 - INFO - ✅ 图表已保存: c:\Users\jimmy\Desktop\python程序设计\作业4\visualization\03_memory_bandwidth\compute_memory_bandwidth_bubble.png
2025-12-26 22:26:15,991 - INFO - ✅ 图表已保存: c:\Users\jimmy\Desktop\python程序设计\作业4\visualization\03_memory_bandwidth\compute_to_bandwidth_ratio_dist.png
2025-12-26 22:26:16,535 - WARNING - ⚠️ adjustText 未安装，使用基础标注（可能重叠）
2025-12-26 22:26:19,860 - INFO - ✅ 图表已保存: c:\Users\jimmy\Desktop\python程序设计\作业4\visualization\04_price_value\price_vs_performance.png
2025-12-26 22:26:22,521 - INFO - ✅ 图表已保存: c:\Users\jimmy\Desktop\python程序设计\作业4\visualization\04_price_value\price_performance_top10.png
2025-12-26 22:26:22,625 - INFO - ✅ 表格已保存: c:\Users\jimmy\Desktop\python程序设计\作业4\output\tables\top10_price_performance.csv
2025-12-26 22:42:08,687 - INFO - 日志系统初始化完成
2025-12-26 22:42:08,687 - INFO - ✅ 找到中文字体: SimHei
2025-12-26 22:42:08,688 - INFO - ✅ 可视化主题初始化完成（当前字体: SimHei）
2025-12-26 22:42:08,688 - INFO - 正在读取数据: c:\Users\jimmy\Desktop\python程序设计\作业4\ml_hardware.csv
2025-12-26 22:42:08,691 - INFO - ✅ 数据读取成功（C engine）: 170 行 × 39 列
2025-12-26 22:42:08,698 - INFO - ✅ 表格已保存: c:\Users\jimmy\Desktop\python程序设计\作业4\output\tables\missing_value_summary.csv
2025-12-26 22:42:08,699 - INFO - 解析日期字段: Release date
2025-12-26 22:42:08,704 - WARNING - ⚠️ Release date 缺失 11 条记录
2025-12-26 22:42:08,704 - INFO - 转换数值列: 21 个字段
2025-12-26 22:42:08,706 - INFO - 计算派生指标...
2025-12-26 22:42:08,709 - INFO - ✅ 派生指标计算完成
2025-12-26 22:42:08,711 - INFO - 按年份筛选 (2012-2025): 170 → 156 条记录
2025-12-26 22:42:08,714 - INFO - ✅ 无重复记录
2025-12-26 22:42:08,721 - INFO - ✅ 表格已保存: c:\Users\jimmy\Desktop\python程序设计\作业4\output\derived\cleaned_data_with_derived.csv
2025-12-26 22:42:09,356 - INFO - ✅ 图表已保存: c:\Users\jimmy\Desktop\python程序设计\作业4\visualization\00_dataset_overview\missing_rate_heatmap.png
2025-12-26 22:42:09,847 - INFO - ✅ 图表已保存: c:\Users\jimmy\Desktop\python程序设计\作业4\visualization\00_dataset_overview\manufacturer_distribution.png
2025-12-26 22:42:10,201 - INFO - ✅ 图表已保存: c:\Users\jimmy\Desktop\python程序设计\作业4\visualization\00_dataset_overview\type_distribution.png
2025-12-26 22:42:10,303 - WARNING - ⚠️ adjustText 未安装，使用基础标注（可能重叠）
2025-12-26 22:42:11,127 - INFO - ✅ 图表已保存: c:\Users\jimmy\Desktop\python程序设计\作业4\visualization\01_perf_trends\int8_performance_over_time.png
2025-12-26 22:42:11,572 - INFO - ✅ 图表已保存: c:\Users\jimmy\Desktop\python程序设计\作业4\visualization\01_perf_trends\int8_top20_ranking.png
2025-12-26 22:42:11,590 - INFO - ✅ 表格已保存: c:\Users\jimmy\Desktop\python程序设计\作业4\output\tables\top20_int8_performance.csv
2025-12-26 22:42:11,671 - WARNING - ⚠️ adjustText 未安装，使用基础标注（可能重叠）
2025-12-26 22:42:13,676 - INFO - ✅ 图表已保存: c:\Users\jimmy\Desktop\python程序设计\作业4\visualization\01_perf_trends\fp16_performance_over_time.png
2025-12-26 22:42:14,144 - INFO - ✅ 图表已保存: c:\Users\jimmy\Desktop\python程序设计\作业4\visualization\01_perf_trends\fp16_top20_ranking.png
2025-12-26 22:42:14,160 - INFO - ✅ 表格已保存: c:\Users\jimmy\Desktop\python程序设计\作业4\output\tables\top20_fp16_performance.csv
2025-12-26 22:42:14,603 - INFO - ✅ 图表已保存: c:\Users\jimmy\Desktop\python程序设计\作业4\visualization\02_efficiency\energy_efficiency_top20.png
2025-12-26 22:42:14,644 - INFO - ✅ 表格已保存: c:\Users\jimmy\Desktop\python程序设计\作业4\output\tables\top20_energy_efficiency.csv
2025-12-26 22:42:14,725 - WARNING - ⚠️ adjustText 未安装，使用基础标注（可能重叠）
2025-12-26 22:42:15,513 - INFO - ✅ 图表已保存: c:\Users\jimmy\Desktop\python程序设计\作业4\visualization\02_efficiency\efficiency_vs_performance.png
2025-12-26 22:42:15,700 - WARNING - Font 'default' does not have a glyph for '\u2212' [U+2212], substituting with a dummy symbol.
2025-12-26 22:42:15,701 - INFO - Substituting symbol − from STIXGeneral
2025-12-26 22:42:15,702 - WARNING - Font 'default' does not have a glyph for '\u2212' [U+2212], substituting with a dummy symbol.
2025-12-26 22:42:15,703 - INFO - Substituting symbol − from STIXGeneral
2025-12-26 22:42:16,002 - WARNING - Font 'default' does not have a glyph for '\u2212' [U+2212], substituting with a dummy symbol.
2025-12-26 22:42:16,003 - INFO - Substituting symbol − from STIXGeneral
2025-12-26 22:42:16,005 - WARNING - Font 'default' does not have a glyph for '\u2212' [U+2212], substituting with a dummy symbol.
2025-12-26 22:42:16,005 - INFO - Substituting symbol − from STIXGeneral
2025-12-26 22:42:16,310 - INFO - ✅ 图表已保存: c:\Users\jimmy\Desktop\python程序设计\作业4\visualization\03_memory_bandwidth\compute_memory_bandwidth_bubble.png
2025-12-26 22:42:17,692 - INFO - ✅ 图表已保存: c:\Users\jimmy\Desktop\python程序设计\作业4\visualization\03_memory_bandwidth\compute_to_bandwidth_ratio_dist.png
2025-12-26 22:42:17,817 - WARNING - ⚠️ adjustText 未安装，使用基础标注（可能重叠）
2025-12-26 22:42:18,263 - INFO - ✅ 图表已保存: c:\Users\jimmy\Desktop\python程序设计\作业4\visualization\04_price_value\price_vs_performance.png
2025-12-26 22:42:18,640 - INFO - ✅ 图表已保存: c:\Users\jimmy\Desktop\python程序设计\作业4\visualization\04_price_value\price_performance_top10.png
2025-12-26 22:42:18,664 - INFO - ✅ 表格已保存: c:\Users\jimmy\Desktop\python程序设计\作业4\output\tables\top10_price_performance.csv
2025-12-26 23:18:50,050 - INFO - 日志系统初始化完成
2025-12-26 23:18:50,050 - INFO - ✅ 找到中文字体: SimHei
2025-12-26 23:18:50,051 - INFO - ✅ 可视化主题初始化完成（当前字体: SimHei）
2025-12-26 23:18:50,052 - INFO - 正在读取数据: c:\Users\jimmy\Desktop\python程序设计\作业4\ml_hardware.csv
2025-12-26 23:18:50,055 - INFO - ✅ 数据读取成功（C engine）: 170 行 × 39 列
2025-12-26 23:18:50,064 - INFO - ✅ 表格已保存: c:\Users\jimmy\Desktop\python程序设计\作业4\output\tables\missing_value_summary.csv
2025-12-26 23:18:50,065 - INFO - 解析日期字段: Release date
2025-12-26 23:18:50,068 - WARNING - ⚠️ Release date 缺失 11 条记录
2025-12-26 23:18:50,069 - INFO - 转换数值列: 21 个字段
2025-12-26 23:18:50,071 - INFO - 计算派生指标...
2025-12-26 23:18:50,073 - INFO - ✅ 派生指标计算完成
2025-12-26 23:18:50,075 - INFO - 按年份筛选 (2012-2025): 170 → 156 条记录
2025-12-26 23:18:50,076 - INFO - ✅ 无重复记录
2025-12-26 23:18:50,082 - INFO - ✅ 表格已保存: c:\Users\jimmy\Desktop\python程序设计\作业4\output\derived\cleaned_data_with_derived.csv
2025-12-26 23:18:50,705 - INFO - ✅ 图表已保存: c:\Users\jimmy\Desktop\python程序设计\作业4\visualization\00_dataset_overview\missing_rate_heatmap.png
2025-12-26 23:18:51,192 - INFO - ✅ 图表已保存: c:\Users\jimmy\Desktop\python程序设计\作业4\visualization\00_dataset_overview\manufacturer_distribution.png
2025-12-26 23:18:51,540 - INFO - ✅ 图表已保存: c:\Users\jimmy\Desktop\python程序设计\作业4\visualization\00_dataset_overview\type_distribution.png
2025-12-26 23:18:51,630 - WARNING - ⚠️ adjustText 未安装，使用基础标注（可能重叠）
2025-12-26 23:18:52,402 - INFO - ✅ 图表已保存: c:\Users\jimmy\Desktop\python程序设计\作业4\visualization\01_perf_trends\int8_performance_over_time.png
2025-12-26 23:18:52,859 - INFO - ✅ 图表已保存: c:\Users\jimmy\Desktop\python程序设计\作业4\visualization\01_perf_trends\int8_top20_ranking.png
2025-12-26 23:18:52,882 - INFO - ✅ 表格已保存: c:\Users\jimmy\Desktop\python程序设计\作业4\output\tables\top20_int8_performance.csv
2025-12-26 23:18:52,962 - WARNING - ⚠️ adjustText 未安装，使用基础标注（可能重叠）
2025-12-26 23:18:53,673 - INFO - ✅ 图表已保存: c:\Users\jimmy\Desktop\python程序设计\作业4\visualization\01_perf_trends\fp16_performance_over_time.png
2025-12-26 23:18:54,109 - INFO - ✅ 图表已保存: c:\Users\jimmy\Desktop\python程序设计\作业4\visualization\01_perf_trends\fp16_top20_ranking.png
2025-12-26 23:18:54,125 - INFO - ✅ 表格已保存: c:\Users\jimmy\Desktop\python程序设计\作业4\output\tables\top20_fp16_performance.csv
2025-12-26 23:18:56,273 - INFO - ✅ 图表已保存: c:\Users\jimmy\Desktop\python程序设计\作业4\visualization\01_perf_trends\int8_performance_by_manufacturer.png
2025-12-26 23:18:57,632 - INFO - ✅ 图表已保存: c:\Users\jimmy\Desktop\python程序设计\作业4\visualization\01_perf_trends\fp16_performance_by_manufacturer.png
2025-12-26 23:18:57,736 - WARNING - ⚠️ adjustText 未安装，使用基础标注（可能重叠）
2025-12-26 23:18:58,394 - INFO - ✅ 图表已保存: c:\Users\jimmy\Desktop\python程序设计\作业4\visualization\01_perf_trends\performance_by_manufacturer.png
2025-12-26 23:18:58,844 - INFO - ✅ 图表已保存: c:\Users\jimmy\Desktop\python程序设计\作业4\visualization\02_efficiency\energy_efficiency_top20.png
2025-12-26 23:18:58,870 - INFO - ✅ 表格已保存: c:\Users\jimmy\Desktop\python程序设计\作业4\output\tables\top20_energy_efficiency.csv
2025-12-26 23:18:58,949 - WARNING - ⚠️ adjustText 未安装，使用基础标注（可能重叠）
2025-12-26 23:18:59,714 - INFO - ✅ 图表已保存: c:\Users\jimmy\Desktop\python程序设计\作业4\visualization\02_efficiency\efficiency_vs_performance.png
2025-12-26 23:18:59,878 - WARNING - Font 'default' does not have a glyph for '\u2212' [U+2212], substituting with a dummy symbol.
2025-12-26 23:18:59,878 - INFO - Substituting symbol − from STIXGeneral
2025-12-26 23:18:59,880 - WARNING - Font 'default' does not have a glyph for '\u2212' [U+2212], substituting with a dummy symbol.
2025-12-26 23:18:59,880 - INFO - Substituting symbol − from STIXGeneral
2025-12-26 23:19:00,186 - WARNING - Font 'default' does not have a glyph for '\u2212' [U+2212], substituting with a dummy symbol.
2025-12-26 23:19:00,187 - INFO - Substituting symbol − from STIXGeneral
2025-12-26 23:19:00,188 - WARNING - Font 'default' does not have a glyph for '\u2212' [U+2212], substituting with a dummy symbol.
2025-12-26 23:19:00,189 - INFO - Substituting symbol − from STIXGeneral
2025-12-26 23:19:00,487 - INFO - ✅ 图表已保存: c:\Users\jimmy\Desktop\python程序设计\作业4\visualization\03_memory_bandwidth\compute_memory_bandwidth_bubble.png
2025-12-26 23:19:01,131 - INFO - ✅ 图表已保存: c:\Users\jimmy\Desktop\python程序设计\作业4\visualization\03_memory_bandwidth\compute_to_bandwidth_ratio_dist.png
2025-12-26 23:19:01,224 - WARNING - ⚠️ adjustText 未安装，使用基础标注（可能重叠）
2025-12-26 23:19:01,648 - INFO - ✅ 图表已保存: c:\Users\jimmy\Desktop\python程序设计\作业4\visualization\04_price_value\price_vs_performance.png
2025-12-26 23:19:02,013 - INFO - ✅ 图表已保存: c:\Users\jimmy\Desktop\python程序设计\作业4\visualization\04_price_value\price_performance_top10.png
2025-12-26 23:19:02,043 - INFO - ✅ 表格已保存: c:\Users\jimmy\Desktop\python程序设计\作业4\output\tables\top10_price_performance.csv
